

                [38;5;069m(((((((((    [38;5;203m((((([38;5;220m####
             [38;5;069m((((((((((((([38;5;203m((((((((([38;5;220m#########
           [38;5;069m((((((((((((([38;5;203m((((((((((([38;5;220m###########
         [38;5;069m(((((((((((((([38;5;203m(((((((((((([38;5;220m############
        [38;5;069m((((((((((((([38;5;203m(((((((((((((([38;5;220m#############
        [38;5;069m((((((((((((([38;5;203m(((((((((((((([38;5;220m#############
         [38;5;069m(((((((((((([38;5;203m((((((((((((([38;5;220m##############
         [38;5;069m(((((((((((([38;5;203m(((((((((((([38;5;220m##############
           [38;5;069m(((((((((([38;5;203m((((((((((([38;5;220m#############
             [38;5;069m(((((((([38;5;203m(((((((([38;5;220m##############
                [38;5;069m((((([38;5;203m((((    [38;5;220m#########[0m

Saving data to: ./data/chroma
Connect to Chroma at: http://localhost:8001
Getting started guide: https://docs.trychroma.com/docs/overview/getting-started

☁️ To deploy your DB - try Chroma Cloud!
- Sign up: https://trychroma.com/signup
- Copy your data to Cloud: chroma copy --to-cloud --all

  [2m2026-07-10T09:40:17.878857Z[0m [32m INFO[0m  [32mGlobal tracing subscriber set[0m
    [2;3mat[0m rust\tracing\src\init_tracer.rs:370

  [2m2026-07-10T09:40:17.893607Z[0m [32m INFO[0m  [32mFrontend server listening on address, [1;32maddr[0m[32m: 0.0.0.0:8001[0m
    [2;3mat[0m rust\frontend\src\server.rs:416

  [2m2026-07-10T09:49:14.457531Z[0m [32m INFO[0m  [1;32mtenant_name[0m[32m: default_tenant[0m
    [2;3mat[0m rust\frontend\src\server.rs:757
    [2;3min[0m [1mHTTP request[0m [2;3mwith[0m [1mhttp.method[0m: GET, [1mhttp.uri[0m: /api/v2/tenants/default_tenant, [1mhttp.route[0m: "/api/v2/tenants/{tenant_name}", [1mhttp.version[0m: HTTP/1.1, [1mhttp.host[0m: localhost:8001, [1mhttp.user_agent[0m: Chroma Python Client v1.5.9 (https://github.com/chroma-core/chroma), [1motel.name[0m: "GET /api/v2/tenants/{tenant_name}"

  [2m2026-07-10T09:49:14.463402Z[0m [32m INFO[0m  [1;32mtenant_name[0m[32m: default_tenant, [1;32mdatabase_name[0m[32m: default_database[0m
    [2;3mat[0m rust\frontend\src\server.rs:1015
    [2;3min[0m [1mHTTP request[0m [2;3mwith[0m [1mhttp.method[0m: GET, [1mhttp.uri[0m: /api/v2/tenants/default_tenant/databases/default_database, [1mhttp.route[0m: "/api/v2/tenants/{tenant}/databases/{database}", [1mhttp.version[0m: HTTP/1.1, [1mhttp.host[0m: localhost:8001, [1mhttp.user_agent[0m: Chroma Python Client v1.5.9 (https://github.com/chroma-core/chroma), [1motel.name[0m: "GET /api/v2/tenants/{tenant}/databases/{database}"

  [2m2026-07-10T09:49:14.467014Z[0m [32m INFO[0m  [1;32mtenant_name[0m[32m: default_tenant, [1;32mdatabase_name[0m[32m: default_database[0m
    [2;3mat[0m rust\frontend\src\server.rs:1315
    [2;3min[0m [1mHTTP request[0m [2;3mwith[0m [1mhttp.method[0m: POST, [1mhttp.uri[0m: /api/v2/tenants/default_tenant/databases/default_database/collections, [1mhttp.route[0m: "/api/v2/tenants/{tenant}/databases/{database}/collections", [1mhttp.version[0m: HTTP/1.1, [1mhttp.host[0m: localhost:8001, [1mhttp.user_agent[0m: Chroma Python Client v1.5.9 (https://github.com/chroma-core/chroma), [1motel.name[0m: "POST /api/v2/tenants/{tenant}/databases/{database}/collections"

  [2m2026-07-10T09:49:20.099322Z[0m [32m INFO[0m  [1;32mtenant_name[0m[32m: default_tenant, [1;32mdatabase_name[0m[32m: default_database[0m
    [2;3mat[0m rust\frontend\src\server.rs:1315
    [2;3min[0m [1mHTTP request[0m [2;3mwith[0m [1mhttp.method[0m: POST, [1mhttp.uri[0m: /api/v2/tenants/default_tenant/databases/default_database/collections, [1mhttp.route[0m: "/api/v2/tenants/{tenant}/databases/{database}/collections", [1mhttp.version[0m: HTTP/1.1, [1mhttp.host[0m: localhost:8001, [1mhttp.user_agent[0m: Chroma Python Client v1.5.9 (https://github.com/chroma-core/chroma), [1motel.name[0m: "POST /api/v2/tenants/{tenant}/databases/{database}/collections"

  [2m2026-07-10T09:51:08.277050Z[0m [32m INFO[0m  [1;32mtenant_name[0m[32m: default_tenant, [1;32mdatabase_name[0m[32m: default_database[0m
    [2;3mat[0m rust\frontend\src\server.rs:1315
    [2;3min[0m [1mHTTP request[0m [2;3mwith[0m [1mhttp.method[0m: POST, [1mhttp.uri[0m: /api/v2/tenants/default_tenant/databases/default_database/collections, [1mhttp.route[0m: "/api/v2/tenants/{tenant}/databases/{database}/collections", [1mhttp.version[0m: HTTP/1.1, [1mhttp.host[0m: localhost:8001, [1mhttp.user_agent[0m: Chroma Python Client v1.5.9 (https://github.com/chroma-core/chroma), [1motel.name[0m: "POST /api/v2/tenants/{tenant}/databases/{database}/collections"

  [2m2026-07-10T09:52:25.734833Z[0m [32m INFO[0m  [1;32mtenant_name[0m[32m: default_tenant, [1;32mdatabase_name[0m[32m: default_database[0m
    [2;3mat[0m rust\frontend\src\server.rs:1315
    [2;3min[0m [1mHTTP request[0m [2;3mwith[0m [1mhttp.method[0m: POST, [1mhttp.uri[0m: /api/v2/tenants/default_tenant/databases/default_database/collections, [1mhttp.route[0m: "/api/v2/tenants/{tenant}/databases/{database}/collections", [1mhttp.version[0m: HTTP/1.1, [1mhttp.host[0m: localhost:8001, [1mhttp.user_agent[0m: Chroma Python Client v1.5.9 (https://github.com/chroma-core/chroma), [1motel.name[0m: "POST /api/v2/tenants/{tenant}/databases/{database}/collections"

